{
  "stats": {
    "suites": 1,
    "tests": 6,
    "passes": 6,
    "pending": 0,
    "failures": 0,
    "start": "2022-09-19T00:03:57.372Z",
    "end": "2022-09-19T00:04:37.109Z",
    "duration": 39737,
    "testsRegistered": 6,
    "passPercent": 100,
    "pendingPercent": 0,
    "other": 0,
    "hasOther": false,
    "skipped": 0,
    "hasSkipped": false
  },
  "results": [
    {
      "uuid": "d7e0323d-538e-446e-a1d5-84416350e093",
      "title": "",
      "fullFile": "cypress\\e2e\\Testes\\Amazon - CT0001 Carinho de Compra.cy.js",
      "file": "cypress\\e2e\\Testes\\Amazon - CT0001 Carinho de Compra.cy.js",
      "beforeHooks": [],
      "afterHooks": [],
      "tests": [],
      "suites": [
        {
          "uuid": "19a4468d-ef72-44ca-bd4b-72f4ed30a029",
          "title": "001- Adicionando produto ao carrinho de compra",
          "fullFile": "",
          "file": "",
          "beforeHooks": [],
          "afterHooks": [],
          "tests": [
            {
              "title": "DADO que estou no site da Amazon",
              "fullTitle": "001- Adicionando produto ao carrinho de compra DADO que estou no site da Amazon",
              "timedOut": null,
              "duration": 15420,
              "state": "passed",
              "speed": "slow",
              "pass": true,
              "fail": false,
              "pending": false,
              "context": null,
              "code": "cy.visit('https://www.amazon.com.br/');",
              "err": {},
              "uuid": "b424f209-3d18-412e-9724-43259be1cc0d",
              "parentUUID": "19a4468d-ef72-44ca-bd4b-72f4ed30a029",
              "isHook": false,
              "skipped": false
            },
            {
              "title": "QUANDO pesquiso por produto",
              "fullTitle": "001- Adicionando produto ao carrinho de compra QUANDO pesquiso por produto",
              "timedOut": null,
              "duration": 5717,
              "state": "passed",
              "speed": "medium",
              "pass": true,
              "fail": false,
              "pending": false,
              "context": null,
              "code": "cy.get('#twotabsearchtextbox').type(produto).type('{enter}');",
              "err": {},
              "uuid": "9d038405-009e-46e2-8993-b010669307e8",
              "parentUUID": "19a4468d-ef72-44ca-bd4b-72f4ed30a029",
              "isHook": false,
              "skipped": false
            },
            {
              "title": "E escolho um produto",
              "fullTitle": "001- Adicionando produto ao carrinho de compra E escolho um produto",
              "timedOut": null,
              "duration": 6259,
              "state": "passed",
              "speed": "medium",
              "pass": true,
              "fail": false,
              "pending": false,
              "context": null,
              "code": "cy.get('[data-asin=\"B08GD2J8JH\"] > .sg-col-inner > .s-widget-container > .s-card-container > .a-spacing-base > .a-spacing-small > .s-title-instructions-style > .a-size-mini > .a-link-normal > .a-size-base').click();",
              "err": {},
              "uuid": "8cd1cf00-17db-46d6-8f31-d4e6aefbc999",
              "parentUUID": "19a4468d-ef72-44ca-bd4b-72f4ed30a029",
              "isHook": false,
              "skipped": false
            },
            {
              "title": "E aperto para adicionar o carrinho",
              "fullTitle": "001- Adicionando produto ao carrinho de compra E aperto para adicionar o carrinho",
              "timedOut": null,
              "duration": 2214,
              "state": "passed",
              "speed": "fast",
              "pass": true,
              "fail": false,
              "pending": false,
              "context": null,
              "code": "cy.get('#add-to-cart-button', {\n  timeout: 10000\n}).click();\ncy.get('#attachSiNoCoverage').click();",
              "err": {},
              "uuid": "e2113c9e-c8d2-4dd2-a6c4-fd1bbde8f971",
              "parentUUID": "19a4468d-ef72-44ca-bd4b-72f4ed30a029",
              "isHook": false,
              "skipped": false
            },
            {
              "title": "E confirmo a opção de adicionar ao carrinho",
              "fullTitle": "001- Adicionando produto ao carrinho de compra E confirmo a opção de adicionar ao carrinho",
              "timedOut": null,
              "duration": 6898,
              "state": "passed",
              "speed": "medium",
              "pass": true,
              "fail": false,
              "pending": false,
              "context": null,
              "code": "cy.get('.a-button-input', {\n  timeout: 10000\n}).click();",
              "err": {},
              "uuid": "714f5e49-75e2-4f79-82fe-bf73b865c95f",
              "parentUUID": "19a4468d-ef72-44ca-bd4b-72f4ed30a029",
              "isHook": false,
              "skipped": false
            },
            {
              "title": "ENTAO produto deve estar no carrinho",
              "fullTitle": "001- Adicionando produto ao carrinho de compra ENTAO produto deve estar no carrinho",
              "timedOut": null,
              "duration": 175,
              "state": "passed",
              "speed": "fast",
              "pass": true,
              "fail": false,
              "pending": false,
              "context": null,
              "code": "cy.contains('h1', 'Carrinho de compras');",
              "err": {},
              "uuid": "a0fd53c9-121f-4ea6-bd49-94fa6b3c52f3",
              "parentUUID": "19a4468d-ef72-44ca-bd4b-72f4ed30a029",
              "isHook": false,
              "skipped": false
            }
          ],
          "suites": [],
          "passes": [
            "b424f209-3d18-412e-9724-43259be1cc0d",
            "9d038405-009e-46e2-8993-b010669307e8",
            "8cd1cf00-17db-46d6-8f31-d4e6aefbc999",
            "e2113c9e-c8d2-4dd2-a6c4-fd1bbde8f971",
            "714f5e49-75e2-4f79-82fe-bf73b865c95f",
            "a0fd53c9-121f-4ea6-bd49-94fa6b3c52f3"
          ],
          "failures": [],
          "pending": [],
          "skipped": [],
          "duration": 36683,
          "root": false,
          "rootEmpty": false,
          "_timeout": 2000
        }
      ],
      "passes": [],
      "failures": [],
      "pending": [],
      "skipped": [],
      "duration": 0,
      "root": true,
      "rootEmpty": true,
      "_timeout": 2000
    }
  ],
  "meta": {
    "mocha": {
      "version": "7.0.1"
    },
    "mochawesome": {
      "options": {
        "quiet": false,
        "reportFilename": "mochawesome",
        "saveHtml": true,
        "saveJson": true,
        "consoleReporter": "spec",
        "useInlineDiffs": false,
        "code": true
      },
      "version": "7.1.3"
    },
    "marge": {
      "options": null,
      "version": "6.2.0"
    }
  }
}